<?xml version="1.0" encoding="UTF-8"?>
<!-- Generated by org.testng.reporters.JUnitXMLReporter -->
<testsuite ignored="3" hostname="DESKTOP-ML284IJ" failures="1" tests="1" name="Test navigation bar  on Chrome" time="288.463" errors="0" timestamp="2023-03-06T21:45:05 IST">
  <testcase classname="swiss.atfinity.testcases.HomePageTest" name="testNavigationBar" time="254.565">
    <failure type="org.openqa.selenium.ElementNotInteractableException" message="element not interactable: https://www.atfinity.swiss/en/About-us/Know-how has no size and location
  (Session info: chrome=110.0.5481.178)
Build info: version: &amp;apos;4.1.2&amp;apos;, revision: &amp;apos;9a5a329c5a&amp;apos;
System info: host: &amp;apos;DESKTOP-ML284IJ&amp;apos;, ip: &amp;apos;192.168.56.1&amp;apos;, os.name: &amp;apos;Windows 10&amp;apos;, os.arch: &amp;apos;amd64&amp;apos;, os.version: &amp;apos;10.0&amp;apos;, java.version: &amp;apos;17&amp;apos;
Driver info: org.openqa.selenium.chrome.ChromeDriver
Command: [0d9c0ed1ff2520e52cf9d7ac62e7c0c2, actions {actions=[org.openqa.selenium.interactions.Sequence@6a1ef65c]}]
Capabilities {acceptInsecureCerts: false, browserName: chrome, browserVersion: 110.0.5481.178, chrome: {chromedriverVersion: 110.0.5481.77 (65ed616c6e8e..., userDataDir: C:\Users\Duke\AppData\Local...}, goog:chromeOptions: {debuggerAddress: localhost:60234}, javascriptEnabled: true, networkConnectionEnabled: false, pageLoadStrategy: normal, platform: WINDOWS, platformName: WINDOWS, proxy: Proxy(), se:cdp: ws://localhost:60234/devtoo..., se:cdpVersion: 110.0.5481.178, setWindowRect: true, strictFileInteractability: false, timeouts: {implicit: 0, pageLoad: 300000, script: 30000}, unhandledPromptBehavior: dismiss and notify, webauthn:extension:credBlob: true, webauthn:extension:largeBlob: true, webauthn:virtualAuthenticators: true}
Session ID: 0d9c0ed1ff2520e52cf9d7ac62e7c0c2">
      <![CDATA[org.openqa.selenium.ElementNotInteractableException: element not interactable: https://www.atfinity.swiss/en/About-us/Know-how has no size and location
  (Session info: chrome=110.0.5481.178)
Build info: version: '4.1.2', revision: '9a5a329c5a'
System info: host: 'DESKTOP-ML284IJ', ip: '192.168.56.1', os.name: 'Windows 10', os.arch: 'amd64', os.version: '10.0', java.version: '17'
Driver info: org.openqa.selenium.chrome.ChromeDriver
Command: [0d9c0ed1ff2520e52cf9d7ac62e7c0c2, actions {actions=[org.openqa.selenium.interactions.Sequence@6a1ef65c]}]
Capabilities {acceptInsecureCerts: false, browserName: chrome, browserVersion: 110.0.5481.178, chrome: {chromedriverVersion: 110.0.5481.77 (65ed616c6e8e..., userDataDir: C:\Users\Duke\AppData\Local...}, goog:chromeOptions: {debuggerAddress: localhost:60234}, javascriptEnabled: true, networkConnectionEnabled: false, pageLoadStrategy: normal, platform: WINDOWS, platformName: WINDOWS, proxy: Proxy(), se:cdp: ws://localhost:60234/devtoo..., se:cdpVersion: 110.0.5481.178, setWindowRect: true, strictFileInteractability: false, timeouts: {implicit: 0, pageLoad: 300000, script: 30000}, unhandledPromptBehavior: dismiss and notify, webauthn:extension:credBlob: true, webauthn:extension:largeBlob: true, webauthn:virtualAuthenticators: true}
Session ID: 0d9c0ed1ff2520e52cf9d7ac62e7c0c2
at org.openqa.selenium.remote.codec.w3c.W3CHttpResponseCodec.createException(W3CHttpResponseCodec.java:200)
at org.openqa.selenium.remote.codec.w3c.W3CHttpResponseCodec.decode(W3CHttpResponseCodec.java:133)
at org.openqa.selenium.remote.codec.w3c.W3CHttpResponseCodec.decode(W3CHttpResponseCodec.java:53)
at org.openqa.selenium.remote.HttpCommandExecutor.execute(HttpCommandExecutor.java:184)
at org.openqa.selenium.remote.service.DriverCommandExecutor.invokeExecute(DriverCommandExecutor.java:167)
at org.openqa.selenium.remote.service.DriverCommandExecutor.execute(DriverCommandExecutor.java:142)
at org.openqa.selenium.remote.RemoteWebDriver.execute(RemoteWebDriver.java:558)
at org.openqa.selenium.remote.RemoteWebDriver.perform(RemoteWebDriver.java:626)
at org.openqa.selenium.interactions.Actions$BuiltAction.perform(Actions.java:656)
at swiss.atfinity.actiondriver.Action.click(Action.java:51)
at swiss.atfinity.pageobject.Header.clickOnKnowHow(Header.java:202)
at swiss.atfinity.testcases.HeaderTest.TestKnowHowLink(HeaderTest.java:182)
at swiss.atfinity.testcases.HomePageTest.testNavigationBar(HomePageTest.java:55)
at java.base/java.util.ArrayList.forEach(ArrayList.java:1511)
... Removed 32 stack frames]]>
    </failure>
  </testcase> <!-- testNavigationBar -->
  <testcase classname="swiss.atfinity.testcases.HomePageTest" name="testHomePageVideo" time="0.0">
    <ignored/>
  </testcase> <!-- testHomePageVideo -->
  <testcase classname="swiss.atfinity.testcases.HomePageTest" name="testHomePageClientOnboardingForSwissNeobankLink" time="0.0">
    <ignored/>
  </testcase> <!-- testHomePageClientOnboardingForSwissNeobankLink -->
  <testcase classname="swiss.atfinity.testcases.HomePageTest" name="testHomePageCoverTitle" time="0.0">
    <ignored/>
  </testcase> <!-- testHomePageCoverTitle -->
</testsuite> <!-- Test navigation bar  on Chrome -->
