<?xml version="1.0" encoding="UTF-8"?>
<testng-results ignored="12" total="16" passed="3" failed="1" skipped="0">
  <reporter-output>
  </reporter-output>
  <suite started-at="2023-03-06T21:40:16 IST" name="Smoke Suite" finished-at="2023-03-06T21:50:29 IST" duration-ms="613203">
    <groups>
      <group name="Sanity">
        <method signature="HomePageTest.testNavigationBar()[pri:0, instance:swiss.atfinity.testcases.HomePageTest@35e2d654]" name="testNavigationBar" class="swiss.atfinity.testcases.HomePageTest"/>
        <method signature="HomePageTest.testHomePageCoverTitle()[pri:0, instance:swiss.atfinity.testcases.HomePageTest@5e0e82ae]" name="testHomePageCoverTitle" class="swiss.atfinity.testcases.HomePageTest"/>
        <method signature="HomePageTest.testHomePageVideo()[pri:0, instance:swiss.atfinity.testcases.HomePageTest@2b71e916]" name="testHomePageVideo" class="swiss.atfinity.testcases.HomePageTest"/>
        <method signature="HomePageTest.testHomePageClientOnboardingForSwissNeobankLink()[pri:0, instance:swiss.atfinity.testcases.HomePageTest@62379589]" name="testHomePageClientOnboardingForSwissNeobankLink" class="swiss.atfinity.testcases.HomePageTest"/>
      </group> <!-- Sanity -->
      <group name="Regression">
        <method signature="HomePageTest.testNavigationBar()[pri:0, instance:swiss.atfinity.testcases.HomePageTest@35e2d654]" name="testNavigationBar" class="swiss.atfinity.testcases.HomePageTest"/>
        <method signature="HomePageTest.testHomePageCoverTitle()[pri:0, instance:swiss.atfinity.testcases.HomePageTest@5e0e82ae]" name="testHomePageCoverTitle" class="swiss.atfinity.testcases.HomePageTest"/>
        <method signature="HomePageTest.testHomePageVideo()[pri:0, instance:swiss.atfinity.testcases.HomePageTest@2b71e916]" name="testHomePageVideo" class="swiss.atfinity.testcases.HomePageTest"/>
        <method signature="HomePageTest.testHomePageClientOnboardingForSwissNeobankLink()[pri:0, instance:swiss.atfinity.testcases.HomePageTest@62379589]" name="testHomePageClientOnboardingForSwissNeobankLink" class="swiss.atfinity.testcases.HomePageTest"/>
      </group> <!-- Regression -->
      <group name="Smoke">
        <method signature="HomePageTest.testNavigationBar()[pri:0, instance:swiss.atfinity.testcases.HomePageTest@35e2d654]" name="testNavigationBar" class="swiss.atfinity.testcases.HomePageTest"/>
        <method signature="HomePageTest.testHomePageCoverTitle()[pri:0, instance:swiss.atfinity.testcases.HomePageTest@5e0e82ae]" name="testHomePageCoverTitle" class="swiss.atfinity.testcases.HomePageTest"/>
        <method signature="HomePageTest.testHomePageVideo()[pri:0, instance:swiss.atfinity.testcases.HomePageTest@2b71e916]" name="testHomePageVideo" class="swiss.atfinity.testcases.HomePageTest"/>
        <method signature="HomePageTest.testHomePageClientOnboardingForSwissNeobankLink()[pri:0, instance:swiss.atfinity.testcases.HomePageTest@62379589]" name="testHomePageClientOnboardingForSwissNeobankLink" class="swiss.atfinity.testcases.HomePageTest"/>
      </group> <!-- Smoke -->
    </groups>
    <test started-at="2023-03-06T21:40:16 IST" name="Test navigation bar  on Chrome" finished-at="2023-03-06T21:45:05 IST" duration-ms="288463">
      <class name="swiss.atfinity.testcases.HomePageTest">
        <test-method is-config="true" signature="setup(org.testng.ITestContext,java.lang.String)[pri:0, instance:swiss.atfinity.testcases.HomePageTest@35e2d654]" started-at="2023-03-06T21:40:16 IST" name="setup" finished-at="2023-03-06T21:40:48 IST" duration-ms="31398" status="PASS">
          <params>
            <param index="0">
              <value>
                <![CDATA[org.testng.TestRunner@10ed037a]]>
              </value>
            </param>
            <param index="1">
              <value>
                <![CDATA[Chrome]]>
              </value>
            </param>
          </params>
          <reporter-output>
          </reporter-output>
        </test-method> <!-- setup -->
        <test-method signature="testNavigationBar()[pri:0, instance:swiss.atfinity.testcases.HomePageTest@35e2d654]" started-at="2023-03-06T21:40:48 IST" name="testNavigationBar" finished-at="2023-03-06T21:45:02 IST" duration-ms="254565" status="FAIL">
          <exception class="org.openqa.selenium.ElementNotInteractableException">
            <message>
              <![CDATA[element not interactable: https://www.atfinity.swiss/en/About-us/Know-how has no size and location
  (Session info: chrome=110.0.5481.178)
Build info: version: '4.1.2', revision: '9a5a329c5a'
System info: host: 'DESKTOP-ML284IJ', ip: '192.168.56.1', os.name: 'Windows 10', os.arch: 'amd64', os.version: '10.0', java.version: '17'
Driver info: org.openqa.selenium.chrome.ChromeDriver
Command: [0d9c0ed1ff2520e52cf9d7ac62e7c0c2, actions {actions=[org.openqa.selenium.interactions.Sequence@6a1ef65c]}]
Capabilities {acceptInsecureCerts: false, browserName: chrome, browserVersion: 110.0.5481.178, chrome: {chromedriverVersion: 110.0.5481.77 (65ed616c6e8e..., userDataDir: C:\Users\Duke\AppData\Local...}, goog:chromeOptions: {debuggerAddress: localhost:60234}, javascriptEnabled: true, networkConnectionEnabled: false, pageLoadStrategy: normal, platform: WINDOWS, platformName: WINDOWS, proxy: Proxy(), se:cdp: ws://localhost:60234/devtoo..., se:cdpVersion: 110.0.5481.178, setWindowRect: true, strictFileInteractability: false, timeouts: {implicit: 0, pageLoad: 300000, script: 30000}, unhandledPromptBehavior: dismiss and notify, webauthn:extension:credBlob: true, webauthn:extension:largeBlob: true, webauthn:virtualAuthenticators: true}
Session ID: 0d9c0ed1ff2520e52cf9d7ac62e7c0c2]]>
            </message>
            <full-stacktrace>
              <![CDATA[org.openqa.selenium.ElementNotInteractableException: element not interactable: https://www.atfinity.swiss/en/About-us/Know-how has no size and location
  (Session info: chrome=110.0.5481.178)
Build info: version: '4.1.2', revision: '9a5a329c5a'
System info: host: 'DESKTOP-ML284IJ', ip: '192.168.56.1', os.name: 'Windows 10', os.arch: 'amd64', os.version: '10.0', java.version: '17'
Driver info: org.openqa.selenium.chrome.ChromeDriver
Command: [0d9c0ed1ff2520e52cf9d7ac62e7c0c2, actions {actions=[org.openqa.selenium.interactions.Sequence@6a1ef65c]}]
Capabilities {acceptInsecureCerts: false, browserName: chrome, browserVersion: 110.0.5481.178, chrome: {chromedriverVersion: 110.0.5481.77 (65ed616c6e8e..., userDataDir: C:\Users\Duke\AppData\Local...}, goog:chromeOptions: {debuggerAddress: localhost:60234}, javascriptEnabled: true, networkConnectionEnabled: false, pageLoadStrategy: normal, platform: WINDOWS, platformName: WINDOWS, proxy: Proxy(), se:cdp: ws://localhost:60234/devtoo..., se:cdpVersion: 110.0.5481.178, setWindowRect: true, strictFileInteractability: false, timeouts: {implicit: 0, pageLoad: 300000, script: 30000}, unhandledPromptBehavior: dismiss and notify, webauthn:extension:credBlob: true, webauthn:extension:largeBlob: true, webauthn:virtualAuthenticators: true}
Session ID: 0d9c0ed1ff2520e52cf9d7ac62e7c0c2
at java.base/jdk.internal.reflect.NativeConstructorAccessorImpl.newInstance0(Native Method)
at java.base/jdk.internal.reflect.NativeConstructorAccessorImpl.newInstance(NativeConstructorAccessorImpl.java:77)
at java.base/jdk.internal.reflect.DelegatingConstructorAccessorImpl.newInstance(DelegatingConstructorAccessorImpl.java:45)
at java.base/java.lang.reflect.Constructor.newInstanceWithCaller(Constructor.java:499)
at java.base/java.lang.reflect.Constructor.newInstance(Constructor.java:480)
at org.openqa.selenium.remote.codec.w3c.W3CHttpResponseCodec.createException(W3CHttpResponseCodec.java:200)
at org.openqa.selenium.remote.codec.w3c.W3CHttpResponseCodec.decode(W3CHttpResponseCodec.java:133)
at org.openqa.selenium.remote.codec.w3c.W3CHttpResponseCodec.decode(W3CHttpResponseCodec.java:53)
at org.openqa.selenium.remote.HttpCommandExecutor.execute(HttpCommandExecutor.java:184)
at org.openqa.selenium.remote.service.DriverCommandExecutor.invokeExecute(DriverCommandExecutor.java:167)
at org.openqa.selenium.remote.service.DriverCommandExecutor.execute(DriverCommandExecutor.java:142)
at org.openqa.selenium.remote.RemoteWebDriver.execute(RemoteWebDriver.java:558)
at org.openqa.selenium.remote.RemoteWebDriver.perform(RemoteWebDriver.java:626)
at org.openqa.selenium.interactions.Actions$BuiltAction.perform(Actions.java:656)
at swiss.atfinity.actiondriver.Action.click(Action.java:51)
at swiss.atfinity.pageobject.Header.clickOnKnowHow(Header.java:202)
at swiss.atfinity.testcases.HeaderTest.TestKnowHowLink(HeaderTest.java:182)
at swiss.atfinity.testcases.HomePageTest.testNavigationBar(HomePageTest.java:55)
at java.base/jdk.internal.reflect.NativeMethodAccessorImpl.invoke0(Native Method)
at java.base/jdk.internal.reflect.NativeMethodAccessorImpl.invoke(NativeMethodAccessorImpl.java:77)
at java.base/jdk.internal.reflect.DelegatingMethodAccessorImpl.invoke(DelegatingMethodAccessorImpl.java:43)
at java.base/java.lang.reflect.Method.invoke(Method.java:568)
at org.testng.internal.MethodInvocationHelper.invokeMethod(MethodInvocationHelper.java:133)
at org.testng.internal.TestInvoker.invokeMethod(TestInvoker.java:598)
at org.testng.internal.TestInvoker.invokeTestMethod(TestInvoker.java:173)
at org.testng.internal.MethodRunner.runInSequence(MethodRunner.java:46)
at org.testng.internal.TestInvoker$MethodInvocationAgent.invoke(TestInvoker.java:824)
at org.testng.internal.TestInvoker.invokeTestMethods(TestInvoker.java:146)
at org.testng.internal.TestMethodWorker.invokeTestMethods(TestMethodWorker.java:146)
at org.testng.internal.TestMethodWorker.run(TestMethodWorker.java:128)
at java.base/java.util.ArrayList.forEach(ArrayList.java:1511)
at org.testng.TestRunner.privateRun(TestRunner.java:794)
at org.testng.TestRunner.run(TestRunner.java:596)
at org.testng.SuiteRunner.runTest(SuiteRunner.java:377)
at org.testng.SuiteRunner.runSequentially(SuiteRunner.java:371)
at org.testng.SuiteRunner.privateRun(SuiteRunner.java:332)
at org.testng.SuiteRunner.run(SuiteRunner.java:276)
at org.testng.SuiteRunnerWorker.runSuite(SuiteRunnerWorker.java:53)
at org.testng.SuiteRunnerWorker.run(SuiteRunnerWorker.java:96)
at org.testng.TestNG.runSuitesSequentially(TestNG.java:1212)
at org.testng.TestNG.runSuitesLocally(TestNG.java:1134)
at org.testng.TestNG.runSuites(TestNG.java:1063)
at org.testng.TestNG.run(TestNG.java:1031)
at org.testng.remote.AbstractRemoteTestNG.run(AbstractRemoteTestNG.java:115)
at org.testng.remote.RemoteTestNG.initAndRun(RemoteTestNG.java:251)
at org.testng.remote.RemoteTestNG.main(RemoteTestNG.java:77)
]]>
            </full-stacktrace>
          </exception> <!-- org.openqa.selenium.ElementNotInteractableException -->
          <reporter-output>
          </reporter-output>
        </test-method> <!-- testNavigationBar -->
        <test-method is-config="true" signature="checkStatus(java.lang.reflect.Method,org.testng.ITestResult)[pri:0, instance:swiss.atfinity.testcases.HomePageTest@35e2d654]" started-at="2023-03-06T21:45:02 IST" name="checkStatus" finished-at="2023-03-06T21:45:03 IST" duration-ms="1153" status="PASS">
          <params>
            <param index="0">
              <value>
                <![CDATA[public void swiss.atfinity.testcases.HomePageTest.testNavigationBar()]]>
              </value>
            </param>
            <param index="1">
              <value>
                <![CDATA[[TestResult name=testNavigationBar status=FAILURE method=HomePageTest.testNavigationBar()[pri:0, instance:swiss.atfinity.testcases.HomePageTest@35e2d654] output={null}]]]>
              </value>
            </param>
          </params>
          <reporter-output>
          </reporter-output>
        </test-method> <!-- checkStatus -->
        <test-method is-config="true" signature="teardown()[pri:0, instance:swiss.atfinity.testcases.HomePageTest@35e2d654]" started-at="2023-03-06T21:45:03 IST" name="teardown" finished-at="2023-03-06T21:45:05 IST" duration-ms="1206" status="PASS">
          <reporter-output>
          </reporter-output>
        </test-method> <!-- teardown -->
      </class> <!-- swiss.atfinity.testcases.HomePageTest -->
    </test> <!-- Test navigation bar  on Chrome -->
    <test started-at="2023-03-06T21:45:05 IST" name="Test home page cover title  on Chrome" finished-at="2023-03-06T21:46:41 IST" duration-ms="95990">
      <class name="swiss.atfinity.testcases.HomePageTest">
        <test-method is-config="true" signature="setup(org.testng.ITestContext,java.lang.String)[pri:0, instance:swiss.atfinity.testcases.HomePageTest@5e0e82ae]" started-at="2023-03-06T21:45:05 IST" name="setup" finished-at="2023-03-06T21:45:10 IST" duration-ms="5472" status="PASS">
          <params>
            <param index="0">
              <value>
                <![CDATA[org.testng.TestRunner@23121d14]]>
              </value>
            </param>
            <param index="1">
              <value>
                <![CDATA[Chrome]]>
              </value>
            </param>
          </params>
          <reporter-output>
          </reporter-output>
        </test-method> <!-- setup -->
        <test-method signature="testHomePageCoverTitle()[pri:0, instance:swiss.atfinity.testcases.HomePageTest@5e0e82ae]" started-at="2023-03-06T21:45:10 IST" name="testHomePageCoverTitle" finished-at="2023-03-06T21:46:41 IST" duration-ms="90195" status="PASS">
          <reporter-output>
          </reporter-output>
        </test-method> <!-- testHomePageCoverTitle -->
        <test-method is-config="true" signature="checkStatus(java.lang.reflect.Method,org.testng.ITestResult)[pri:0, instance:swiss.atfinity.testcases.HomePageTest@5e0e82ae]" started-at="2023-03-06T21:46:41 IST" name="checkStatus" finished-at="2023-03-06T21:46:41 IST" duration-ms="4" status="PASS">
          <params>
            <param index="0">
              <value>
                <![CDATA[public void swiss.atfinity.testcases.HomePageTest.testHomePageCoverTitle()]]>
              </value>
            </param>
            <param index="1">
              <value>
                <![CDATA[[TestResult name=testHomePageCoverTitle status=SUCCESS method=HomePageTest.testHomePageCoverTitle()[pri:0, instance:swiss.atfinity.testcases.HomePageTest@5e0e82ae] output={null}]]]>
              </value>
            </param>
          </params>
          <reporter-output>
          </reporter-output>
        </test-method> <!-- checkStatus -->
        <test-method is-config="true" signature="teardown()[pri:0, instance:swiss.atfinity.testcases.HomePageTest@5e0e82ae]" started-at="2023-03-06T21:46:41 IST" name="teardown" finished-at="2023-03-06T21:46:41 IST" duration-ms="315" status="PASS">
          <reporter-output>
          </reporter-output>
        </test-method> <!-- teardown -->
      </class> <!-- swiss.atfinity.testcases.HomePageTest -->
    </test> <!-- Test home page cover title  on Chrome -->
    <test started-at="2023-03-06T21:46:41 IST" name="Test home page cover video  on Chrome" finished-at="2023-03-06T21:48:22 IST" duration-ms="100707">
      <class name="swiss.atfinity.testcases.HomePageTest">
        <test-method is-config="true" signature="setup(org.testng.ITestContext,java.lang.String)[pri:0, instance:swiss.atfinity.testcases.HomePageTest@2b71e916]" started-at="2023-03-06T21:46:41 IST" name="setup" finished-at="2023-03-06T21:46:42 IST" duration-ms="1369" status="PASS">
          <params>
            <param index="0">
              <value>
                <![CDATA[org.testng.TestRunner@72af90e8]]>
              </value>
            </param>
            <param index="1">
              <value>
                <![CDATA[Chrome]]>
              </value>
            </param>
          </params>
          <reporter-output>
          </reporter-output>
        </test-method> <!-- setup -->
        <test-method signature="testHomePageVideo()[pri:0, instance:swiss.atfinity.testcases.HomePageTest@2b71e916]" started-at="2023-03-06T21:46:42 IST" name="testHomePageVideo" finished-at="2023-03-06T21:48:21 IST" duration-ms="98977" status="PASS">
          <reporter-output>
          </reporter-output>
        </test-method> <!-- testHomePageVideo -->
        <test-method is-config="true" signature="checkStatus(java.lang.reflect.Method,org.testng.ITestResult)[pri:0, instance:swiss.atfinity.testcases.HomePageTest@2b71e916]" started-at="2023-03-06T21:48:21 IST" name="checkStatus" finished-at="2023-03-06T21:48:21 IST" duration-ms="1" status="PASS">
          <params>
            <param index="0">
              <value>
                <![CDATA[public void swiss.atfinity.testcases.HomePageTest.testHomePageVideo()]]>
              </value>
            </param>
            <param index="1">
              <value>
                <![CDATA[[TestResult name=testHomePageVideo status=SUCCESS method=HomePageTest.testHomePageVideo()[pri:0, instance:swiss.atfinity.testcases.HomePageTest@2b71e916] output={null}]]]>
              </value>
            </param>
          </params>
          <reporter-output>
          </reporter-output>
        </test-method> <!-- checkStatus -->
        <test-method is-config="true" signature="teardown()[pri:0, instance:swiss.atfinity.testcases.HomePageTest@2b71e916]" started-at="2023-03-06T21:48:21 IST" name="teardown" finished-at="2023-03-06T21:48:22 IST" duration-ms="352" status="PASS">
          <reporter-output>
          </reporter-output>
        </test-method> <!-- teardown -->
      </class> <!-- swiss.atfinity.testcases.HomePageTest -->
    </test> <!-- Test home page cover video  on Chrome -->
    <test started-at="2023-03-06T21:48:22 IST" name="Test home page End-to-end client journeys  on Chrome" finished-at="2023-03-06T21:50:29 IST" duration-ms="127756">
      <class name="swiss.atfinity.testcases.HomePageTest">
        <test-method is-config="true" signature="initialiseExtentReports()[pri:0, instance:swiss.atfinity.testcases.HomePageTest@62379589]" started-at="2023-03-06T21:40:14 IST" name="initialiseExtentReports" finished-at="2023-03-06T21:40:16 IST" duration-ms="2379" status="PASS">
          <reporter-output>
          </reporter-output>
        </test-method> <!-- initialiseExtentReports -->
        <test-method is-config="true" signature="setup(org.testng.ITestContext,java.lang.String)[pri:0, instance:swiss.atfinity.testcases.HomePageTest@62379589]" started-at="2023-03-06T21:48:22 IST" name="setup" finished-at="2023-03-06T21:48:24 IST" duration-ms="1926" status="PASS">
          <params>
            <param index="0">
              <value>
                <![CDATA[org.testng.TestRunner@aa1bb14]]>
              </value>
            </param>
            <param index="1">
              <value>
                <![CDATA[Chrome]]>
              </value>
            </param>
          </params>
          <reporter-output>
          </reporter-output>
        </test-method> <!-- setup -->
        <test-method signature="testHomePageClientOnboardingForSwissNeobankLink()[pri:0, instance:swiss.atfinity.testcases.HomePageTest@62379589]" started-at="2023-03-06T21:48:24 IST" name="testHomePageClientOnboardingForSwissNeobankLink" finished-at="2023-03-06T21:50:29 IST" duration-ms="125485" status="PASS">
          <reporter-output>
          </reporter-output>
        </test-method> <!-- testHomePageClientOnboardingForSwissNeobankLink -->
        <test-method is-config="true" signature="checkStatus(java.lang.reflect.Method,org.testng.ITestResult)[pri:0, instance:swiss.atfinity.testcases.HomePageTest@62379589]" started-at="2023-03-06T21:50:29 IST" name="checkStatus" finished-at="2023-03-06T21:50:29 IST" duration-ms="1" status="PASS">
          <params>
            <param index="0">
              <value>
                <![CDATA[public void swiss.atfinity.testcases.HomePageTest.testHomePageClientOnboardingForSwissNeobankLink()]]>
              </value>
            </param>
            <param index="1">
              <value>
                <![CDATA[[TestResult name=testHomePageClientOnboardingForSwissNeobankLink status=SUCCESS method=HomePageTest.testHomePageClientOnboardingForSwissNeobankLink()[pri:0, instance:swiss.atfinity.testcases.HomePageTest@62379589] output={null}]]]>
              </value>
            </param>
          </params>
          <reporter-output>
          </reporter-output>
        </test-method> <!-- checkStatus -->
        <test-method is-config="true" signature="teardown()[pri:0, instance:swiss.atfinity.testcases.HomePageTest@62379589]" started-at="2023-03-06T21:50:29 IST" name="teardown" finished-at="2023-03-06T21:50:29 IST" duration-ms="340" status="PASS">
          <reporter-output>
          </reporter-output>
        </test-method> <!-- teardown -->
        <test-method is-config="true" signature="generateExtentReports()[pri:0, instance:swiss.atfinity.testcases.HomePageTest@62379589]" started-at="2023-03-06T21:50:29 IST" name="generateExtentReports" finished-at="2023-03-06T21:50:50 IST" duration-ms="20358" status="PASS">
          <reporter-output>
          </reporter-output>
        </test-method> <!-- generateExtentReports -->
      </class> <!-- swiss.atfinity.testcases.HomePageTest -->
    </test> <!-- Test home page End-to-end client journeys  on Chrome -->
  </suite> <!-- Smoke Suite -->
</testng-results>
